build/outputs/logs/manifest-merger-debug-report.txt
-- Merging decision tree log ---
manifest
ADDED from BTConnectionTemplateMaster\BTCTemplate\AndroidManifest.xml:2:1-56:12
	package
		ADDED from BTConnectionTemplateMaster\BTCTemplate\AndroidManifest.xml:3:5-39
	android:versionName
		ADDED from BTConnectionTemplateMaster\BTCTemplate\AndroidManifest.xml:5:5-32
		INJECTED from BTConnectionTemplateMaster\BTCTemplate\AndroidManifest.xml
		INJECTED from BTConnectionTemplateMaster\BTCTemplate\AndroidManifest.xml
	android:versionCode
		ADDED from BTConnectionTemplateMaster\BTCTemplate\AndroidManifest.xml:4:5-28
		INJECTED from BTConnectionTemplateMaster\BTCTemplate\AndroidManifest.xml
		INJECTED from BTConnectionTemplateMaster\BTCTemplate\AndroidManifest.xml
	xmlns:android
		ADDED from BTConnectionTemplateMaster\BTCTemplate\AndroidManifest.xml:2:11-69
uses-sdk
ADDED from BTConnectionTemplateMaster\BTCTemplate\AndroidManifest.xml:7:5-9:41
MERGED from [com.android.support:appcompat-v7:22.2.1] AndroidManifest.xml:20:5-43
MERGED from [com.android.support:support-v4:23.0.0] AndroidManifest.xml:20:5-43
MERGED from [com.xw.repo:bubbleseekbar:3.4-lite] AndroidManifest.xml:7:5-9:41
	android:targetSdkVersion
		ADDED from BTConnectionTemplateMaster\BTCTemplate\AndroidManifest.xml:9:9-38
	android:minSdkVersion
		ADDED from BTConnectionTemplateMaster\BTCTemplate\AndroidManifest.xml:8:9-35
uses-permission#android.permission.BLUETOOTH_ADMIN
ADDED from BTConnectionTemplateMaster\BTCTemplate\AndroidManifest.xml:11:5-74
	android:name
		ADDED from BTConnectionTemplateMaster\BTCTemplate\AndroidManifest.xml:11:22-71
uses-permission#android.permission.BLUETOOTH
ADDED from BTConnectionTemplateMaster\BTCTemplate\AndroidManifest.xml:12:5-68
	android:name
		ADDED from BTConnectionTemplateMaster\BTCTemplate\AndroidManifest.xml:12:22-65
uses-permission#android.permission.VIBRATE
ADDED from BTConnectionTemplateMaster\BTCTemplate\AndroidManifest.xml:13:5-65
	android:name
		ADDED from BTConnectionTemplateMaster\BTCTemplate\AndroidManifest.xml:13:22-63
application
ADDED from BTConnectionTemplateMaster\BTCTemplate\AndroidManifest.xml:15:5-54:19
MERGED from [com.android.support:appcompat-v7:22.2.1] AndroidManifest.xml:22:5-20
MERGED from [com.android.support:support-v4:23.0.0] AndroidManifest.xml:22:5-20
MERGED from [com.xw.repo:bubbleseekbar:3.4-lite] AndroidManifest.xml:11:5-15:19
	android:label
		ADDED from BTConnectionTemplateMaster\BTCTemplate\AndroidManifest.xml:18:9-41
	android:supportsRtl
		ADDED from [com.xw.repo:bubbleseekbar:3.4-lite] AndroidManifest.xml:14:9-35
	android:allowBackup
		ADDED from BTConnectionTemplateMaster\BTCTemplate\AndroidManifest.xml:16:9-35
	android:icon
		ADDED from BTConnectionTemplateMaster\BTCTemplate\AndroidManifest.xml:17:9-45
	android:theme
		ADDED from BTConnectionTemplateMaster\BTCTemplate\AndroidManifest.xml:19:9-40
activity#com.hardcopy.btctemplate.SplashActivity
ADDED from BTConnectionTemplateMaster\BTCTemplate\AndroidManifest.xml:22:9-32:20
	android:launchMode
		ADDED from BTConnectionTemplateMaster\BTCTemplate\AndroidManifest.xml:25:13-44
	android:configChanges
		ADDED from BTConnectionTemplateMaster\BTCTemplate\AndroidManifest.xml:24:13-74
	android:theme
		ADDED from BTConnectionTemplateMaster\BTCTemplate\AndroidManifest.xml:26:13-71
	android:name
		ADDED from BTConnectionTemplateMaster\BTCTemplate\AndroidManifest.xml:23:13-67
intent-filter#android.intent.action.MAIN+android.intent.category.LAUNCHER
ADDED from BTConnectionTemplateMaster\BTCTemplate\AndroidManifest.xml:27:13-31:29
action#android.intent.action.MAIN
ADDED from BTConnectionTemplateMaster\BTCTemplate\AndroidManifest.xml:28:17-69
	android:name
		ADDED from BTConnectionTemplateMaster\BTCTemplate\AndroidManifest.xml:28:25-66
category#android.intent.category.LAUNCHER
ADDED from BTConnectionTemplateMaster\BTCTemplate\AndroidManifest.xml:30:17-77
	android:name
		ADDED from BTConnectionTemplateMaster\BTCTemplate\AndroidManifest.xml:30:27-74
activity#com.hardcopy.btctemplate.MainActivity
ADDED from BTConnectionTemplateMaster\BTCTemplate\AndroidManifest.xml:33:9-39:20
	android:label
		ADDED from BTConnectionTemplateMaster\BTCTemplate\AndroidManifest.xml:37:13-45
	android:launchMode
		ADDED from BTConnectionTemplateMaster\BTCTemplate\AndroidManifest.xml:38:13-44
	android:configChanges
		ADDED from BTConnectionTemplateMaster\BTCTemplate\AndroidManifest.xml:35:13-74
	android:theme
		ADDED from BTConnectionTemplateMaster\BTCTemplate\AndroidManifest.xml:36:13-74
	android:name
		ADDED from BTConnectionTemplateMaster\BTCTemplate\AndroidManifest.xml:34:13-65
activity#com.hardcopy.btctemplate.DeviceListActivity
ADDED from BTConnectionTemplateMaster\BTCTemplate\AndroidManifest.xml:40:9-45:20
	android:label
		ADDED from BTConnectionTemplateMaster\BTCTemplate\AndroidManifest.xml:43:13-50
	android:configChanges
		ADDED from BTConnectionTemplateMaster\BTCTemplate\AndroidManifest.xml:42:13-74
	android:theme
		ADDED from BTConnectionTemplateMaster\BTCTemplate\AndroidManifest.xml:44:13-56
	android:name
		ADDED from BTConnectionTemplateMaster\BTCTemplate\AndroidManifest.xml:41:13-47
service#com.hardcopy.btctemplate.service.BTCTemplateService
ADDED from BTConnectionTemplateMaster\BTCTemplate\AndroidManifest.xml:48:9-53:19
	android:label
		ADDED from BTConnectionTemplateMaster\BTCTemplate\AndroidManifest.xml:52:13-49
	android:configChanges
		ADDED from BTConnectionTemplateMaster\BTCTemplate\AndroidManifest.xml:50:13-74
	android:icon
		ADDED from BTConnectionTemplateMaster\BTCTemplate\AndroidManifest.xml:51:13-49
	android:name
		ADDED from BTConnectionTemplateMaster\BTCTemplate\AndroidManifest.xml:49:13-79